2020-02-08 16:58:45 -  - exec CUpdateClientPartner::__CollectRequestData
2020-02-08 16:58:45 -  - exec CUpdateClientPartner::GetHTTPPage
2020-02-08 16:58:46 -  - exec CUpdateClientPartner::ParseServerData
2020-02-08 16:58:46 -  - exec CUpdateClientPartner::GetUpdatesList
2020-02-08 16:58:46 -  - exec CUpdateClientPartner::__CollectRequestData
2020-02-08 16:58:46 -  - utf=Y&lang=ru&stable=Y&CANGZIP=Y&SUPD_DBS=MYSQL&XE=N&CLIENT_SITE=gid-po-gorodu-2.test&LICENSE_KEY=X&SUPD_STS=1&SUPD_URS=0&SUPD_URSA=1&TYPENC=D&CLIENT_PHPVER=7.4.2&NGINX=Y&dbv=5.7.24&instm=main%2C20.0.0%2CY%3Bb24connector%2C18.5.0%2CN%3Bbitrix.sitecorporate%2C15.5.0%2CN%3Bbitrix.siteinfoportal%2C15.5.0%2CN%3Bbitrix.sitepersonal%2C15.5.0%2CN%3Bbitrixcloud%2C18.5.0%2CN%3Bblog%2C19.0.100%2CN%3Bclouds%2C19.0.0%2CN%3Bcompression%2C19.0.0%2CN%3Bfileman%2C18.5.500%2CN%3Bform%2C18.0.0%2CN%3Bforum%2C19.0.0%2CN%3Bhighloadblock%2C19.0.0%2CN%3Biblock%2C18.6.1000%2CN%3Blanding%2C19.0.175%2CN%3Bmessageservice%2C19.0.0%2CN%3Bmobileapp%2C19.0.100%2CN%3Bperfmon%2C18.5.0%2CN%3Bphotogallery%2C18.0.0%2CN%3Brest%2C18.5.162%2CN%3Bscale%2C17.5.0%2CN%3Bsearch%2C18.5.200%2CN%3Bsecurity%2C19.0.0%2CN%3Bseo%2C19.0.800%2CN%3Bsocialservices%2C19.0.0%2CN%3Bsubscribe%2C18.5.0%2CN%3Btranslate%2C18.0.100%2CN%3Bui%2C19.0.400%2CN%3Bvote%2C18.5.200%2CN&reqm=bitrix.sitecorporate%2Cbitrix.siteinfoportal%2Cbitrix.sitepersonal&fullmoduleinfo=Y&SUPD_SRS=RU&SUPD_CMP=N
2020-02-08 16:58:46 -  - exec CUpdateClientPartner::GetHTTPPage
2020-02-08 16:58:46 -  - TIME GetUpdatesList(request) 0.283 sec
2020-02-08 16:58:46 -  - exec CUpdateClientPartner::ParseServerData
2020-02-08 16:58:46 -  - exec CUpdateClientPartner::__CollectRequestData
2020-02-08 16:58:46 -  - exec CUpdateClientPartner::GetHTTPPage
2020-02-08 16:58:47 -  - exec CUpdateClientPartner::ParseServerData
2020-02-09 21:39:57 -  - exec CUpdateClientPartner::__CollectRequestData
2020-02-09 21:39:57 -  - exec CUpdateClientPartner::GetHTTPPage
2020-02-09 21:39:57 -  - exec CUpdateClientPartner::ParseServerData
2020-02-09 21:39:57 -  - exec CUpdateClientPartner::GetUpdatesList
2020-02-09 21:39:57 -  - exec CUpdateClientPartner::__CollectRequestData
2020-02-09 21:39:57 -  - utf=Y&lang=ru&stable=Y&CANGZIP=Y&SUPD_DBS=MYSQL&XE=N&CLIENT_SITE=gid-po-gorodu-2.test&LICENSE_KEY=X&SUPD_STS=1&SUPD_URS=0&SUPD_URSA=1&TYPENC=D&CLIENT_PHPVER=7.4.2&NGINX=Y&dbv=5.7.24&instm=main%2C20.0.600%2CY%3Bb24connector%2C18.5.0%2CN%3Bbitrix.sitecorporate%2C15.5.0%2CN%3Bbitrix.siteinfoportal%2C15.5.0%2CN%3Bbitrix.sitepersonal%2C15.5.0%2CN%3Bbitrixcloud%2C20.0.0%2CN%3Bblog%2C20.0.0%2CN%3Bclouds%2C20.0.0%2CN%3Bcompression%2C19.0.0%2CN%3Bfileman%2C18.5.600%2CN%3Bform%2C18.0.0%2CN%3Bforum%2C20.0.100%2CN%3Bhighloadblock%2C20.0.100%2CN%3Biblock%2C20.0.350%2CN%3Blanding%2C20.0.400%2CN%3Bmessageservice%2C20.0.0%2CN%3Bmobileapp%2C19.0.200%2CN%3Bperfmon%2C20.0.0%2CN%3Bphotogallery%2C20.0.0%2CN%3Brest%2C20.0.100%2CN%3Bscale%2C17.5.0%2CN%3Bsearch%2C18.5.200%2CN%3Bsecurity%2C19.0.0%2CN%3Bseo%2C20.0.0%2CN%3Bsocialservices%2C19.0.200%2CN%3Bsubscribe%2C20.0.0%2CN%3Btranslate%2C19.0.100%2CN%3Bui%2C20.0.100%2CN%3Bvote%2C20.0.100%2CN&reqm=bitrix.sitecorporate%2Cbitrix.siteinfoportal%2Cbitrix.sitepersonal&fullmoduleinfo=Y&SUPD_SRS=RU&SUPD_CMP=N
2020-02-09 21:39:57 -  - exec CUpdateClientPartner::GetHTTPPage
2020-02-09 21:39:57 -  - TIME GetUpdatesList(request) 0.273 sec
2020-02-09 21:39:57 -  - exec CUpdateClientPartner::ParseServerData
2020-02-09 21:39:57 -  - exec CUpdateClientPartner::__CollectRequestData
2020-02-09 21:39:57 -  - exec CUpdateClientPartner::GetHTTPPage
2020-02-09 21:39:58 -  - exec CUpdateClientPartner::ParseServerData
2020-02-11 12:22:05 -  - exec CUpdateClientPartner::__CollectRequestData
2020-02-11 12:22:05 -  - exec CUpdateClientPartner::GetHTTPPage
2020-02-11 12:22:06 -  - exec CUpdateClientPartner::ParseServerData
2020-02-11 12:22:06 -  - exec CUpdateClientPartner::GetUpdatesList
2020-02-11 12:22:06 -  - exec CUpdateClientPartner::__CollectRequestData
2020-02-11 12:22:06 -  - utf=Y&lang=ru&stable=Y&CANGZIP=Y&SUPD_DBS=MYSQL&XE=N&CLIENT_SITE=gid-po-gorodu-2.test&LICENSE_KEY=X&SUPD_STS=1&SUPD_URS=0&SUPD_URSA=1&TYPENC=D&CLIENT_PHPVER=7.4.2&NGINX=Y&dbv=5.7.24&instm=main%2C20.0.600%2CY%3Bb24connector%2C18.5.0%2CN%3Bbitrix.sitecorporate%2C15.5.0%2CN%3Bbitrix.siteinfoportal%2C15.5.0%2CN%3Bbitrix.sitepersonal%2C15.5.0%2CN%3Bbitrixcloud%2C20.0.0%2CN%3Bblog%2C20.0.0%2CN%3Bclouds%2C20.0.0%2CN%3Bcompression%2C19.0.0%2CN%3Bfileman%2C18.5.600%2CN%3Bform%2C18.0.0%2CN%3Bforum%2C20.0.100%2CN%3Bhighloadblock%2C20.0.100%2CN%3Biblock%2C20.0.350%2CN%3Blanding%2C20.0.400%2CN%3Bmessageservice%2C20.0.0%2CN%3Bmobileapp%2C19.0.200%2CN%3Bperfmon%2C20.0.0%2CN%3Bphotogallery%2C20.0.0%2CN%3Brest%2C20.0.100%2CN%3Bscale%2C17.5.0%2CN%3Bsearch%2C18.5.200%2CN%3Bsecurity%2C19.0.0%2CN%3Bseo%2C20.0.0%2CN%3Bsocialservices%2C19.0.200%2CN%3Bsubscribe%2C20.0.0%2CN%3Btranslate%2C19.0.100%2CN%3Bui%2C20.0.100%2CN%3Bvote%2C20.0.100%2CN&reqm=bitrix.sitecorporate%2Cbitrix.siteinfoportal%2Cbitrix.sitepersonal&fullmoduleinfo=Y&SUPD_SRS=RU&SUPD_CMP=N
2020-02-11 12:22:06 -  - exec CUpdateClientPartner::GetHTTPPage
2020-02-11 12:22:06 -  - TIME GetUpdatesList(request) 0.311 sec
2020-02-11 12:22:06 -  - exec CUpdateClientPartner::ParseServerData
2020-02-11 12:22:06 -  - exec CUpdateClientPartner::__CollectRequestData
2020-02-11 12:22:06 -  - exec CUpdateClientPartner::GetHTTPPage
2020-02-11 12:22:06 -  - exec CUpdateClientPartner::ParseServerData
2020-02-12 12:35:11 -  - exec CUpdateClientPartner::__CollectRequestData
2020-02-12 12:35:11 -  - exec CUpdateClientPartner::GetHTTPPage
2020-02-12 12:35:11 -  - exec CUpdateClientPartner::ParseServerData
2020-02-12 12:35:11 -  - exec CUpdateClientPartner::GetUpdatesList
2020-02-12 12:35:11 -  - exec CUpdateClientPartner::__CollectRequestData
2020-02-12 12:35:11 -  - utf=Y&lang=ru&stable=Y&CANGZIP=Y&SUPD_DBS=MYSQL&XE=N&CLIENT_SITE=gid-po-gorodu-2.test&LICENSE_KEY=X&SUPD_STS=1&SUPD_URS=0&SUPD_URSA=1&TYPENC=D&CLIENT_PHPVER=7.4.2&NGINX=Y&dbv=5.7.24&instm=main%2C20.0.600%2CY%3Bb24connector%2C18.5.0%2CN%3Bbitrix.sitecorporate%2C15.5.0%2CN%3Bbitrix.siteinfoportal%2C15.5.0%2CN%3Bbitrix.sitepersonal%2C15.5.0%2CN%3Bbitrixcloud%2C20.0.0%2CN%3Bblog%2C20.0.0%2CN%3Bclouds%2C20.0.0%2CN%3Bcompression%2C19.0.0%2CN%3Bfileman%2C18.5.600%2CN%3Bform%2C18.0.0%2CN%3Bforum%2C20.0.100%2CN%3Bhighloadblock%2C20.0.100%2CN%3Biblock%2C20.0.350%2CN%3Blanding%2C20.0.400%2CN%3Bmessageservice%2C20.0.0%2CN%3Bmobileapp%2C19.0.200%2CN%3Bperfmon%2C20.0.0%2CN%3Bphotogallery%2C20.0.0%2CN%3Brest%2C20.0.100%2CN%3Bscale%2C17.5.0%2CN%3Bsearch%2C18.5.200%2CN%3Bsecurity%2C19.0.0%2CN%3Bseo%2C20.0.0%2CN%3Bsocialservices%2C19.0.200%2CN%3Bsubscribe%2C20.0.0%2CN%3Btranslate%2C19.0.100%2CN%3Bui%2C20.0.100%2CN%3Bvote%2C20.0.100%2CN&reqm=bitrix.sitecorporate%2Cbitrix.siteinfoportal%2Cbitrix.sitepersonal&fullmoduleinfo=Y&SUPD_SRS=RU&SUPD_CMP=N
2020-02-12 12:35:11 -  - exec CUpdateClientPartner::GetHTTPPage
2020-02-12 12:35:12 -  - TIME GetUpdatesList(request) 0.291 sec
2020-02-12 12:35:12 -  - exec CUpdateClientPartner::ParseServerData
2020-02-12 12:35:12 -  - exec CUpdateClientPartner::__CollectRequestData
2020-02-12 12:35:12 -  - exec CUpdateClientPartner::GetHTTPPage
2020-02-12 12:35:12 -  - exec CUpdateClientPartner::ParseServerData
2020-02-14 04:58:03 -  - exec CUpdateClientPartner::__CollectRequestData
2020-02-14 04:58:03 -  - exec CUpdateClientPartner::GetHTTPPage
2020-02-14 04:58:03 -  - exec CUpdateClientPartner::ParseServerData
2020-02-14 04:58:03 -  - exec CUpdateClientPartner::GetUpdatesList
2020-02-14 04:58:03 -  - exec CUpdateClientPartner::__CollectRequestData
2020-02-14 04:58:03 -  - utf=Y&lang=ru&stable=Y&CANGZIP=Y&SUPD_DBS=MYSQL&XE=N&CLIENT_SITE=gid-po-gorodu-2.test&LICENSE_KEY=X&SUPD_STS=1&SUPD_URS=0&SUPD_URSA=1&TYPENC=D&CLIENT_PHPVER=7.4.2&NGINX=Y&dbv=5.7.24&instm=main%2C20.0.600%2CY%3Bb24connector%2C18.5.0%2CN%3Bbitrix.sitecorporate%2C15.5.0%2CN%3Bbitrix.siteinfoportal%2C15.5.0%2CN%3Bbitrix.sitepersonal%2C15.5.0%2CN%3Bbitrixcloud%2C20.0.0%2CN%3Bblog%2C20.0.0%2CN%3Bclouds%2C20.0.0%2CN%3Bcompression%2C19.0.0%2CN%3Bfileman%2C18.5.600%2CN%3Bform%2C18.0.0%2CN%3Bforum%2C20.0.100%2CN%3Bhighloadblock%2C20.0.100%2CN%3Biblock%2C20.0.350%2CN%3Blanding%2C20.0.400%2CN%3Bmessageservice%2C20.0.0%2CN%3Bmobileapp%2C19.0.200%2CN%3Bperfmon%2C20.0.0%2CN%3Bphotogallery%2C20.0.0%2CN%3Brest%2C20.0.100%2CN%3Bscale%2C17.5.0%2CN%3Bsearch%2C18.5.200%2CN%3Bsecurity%2C19.0.0%2CN%3Bseo%2C20.0.0%2CN%3Bsocialservices%2C19.0.200%2CN%3Bsubscribe%2C20.0.0%2CN%3Btranslate%2C19.0.100%2CN%3Bui%2C20.0.100%2CN%3Bvote%2C20.0.100%2CN&reqm=bitrix.sitecorporate%2Cbitrix.siteinfoportal%2Cbitrix.sitepersonal&fullmoduleinfo=Y&SUPD_SRS=RU&SUPD_CMP=N
2020-02-14 04:58:03 -  - exec CUpdateClientPartner::GetHTTPPage
2020-02-14 04:58:03 -  - TIME GetUpdatesList(request) 0.275 sec
2020-02-14 04:58:03 -  - exec CUpdateClientPartner::ParseServerData
2020-02-14 04:58:03 -  - exec CUpdateClientPartner::__CollectRequestData
2020-02-14 04:58:03 -  - exec CUpdateClientPartner::GetHTTPPage
2020-02-14 04:58:04 -  - exec CUpdateClientPartner::ParseServerData
2020-02-15 04:59:58 -  - exec CUpdateClientPartner::__CollectRequestData
2020-02-15 04:59:58 -  - exec CUpdateClientPartner::GetHTTPPage
2020-02-15 04:59:58 -  - exec CUpdateClientPartner::ParseServerData
2020-02-15 04:59:58 -  - exec CUpdateClientPartner::GetUpdatesList
2020-02-15 04:59:58 -  - exec CUpdateClientPartner::__CollectRequestData
2020-02-15 04:59:58 -  - utf=Y&lang=ru&stable=Y&CANGZIP=Y&SUPD_DBS=MYSQL&XE=N&CLIENT_SITE=gid-po-gorodu-2.test&LICENSE_KEY=X&SUPD_STS=1&SUPD_URS=0&SUPD_URSA=1&TYPENC=D&CLIENT_PHPVER=7.4.2&NGINX=Y&dbv=5.7.24&instm=main%2C20.0.600%2CY%3Bb24connector%2C18.5.0%2CN%3Bbitrix.sitecorporate%2C15.5.0%2CN%3Bbitrix.siteinfoportal%2C15.5.0%2CN%3Bbitrix.sitepersonal%2C15.5.0%2CN%3Bbitrixcloud%2C20.0.0%2CN%3Bblog%2C20.0.0%2CN%3Bclouds%2C20.0.0%2CN%3Bcompression%2C19.0.0%2CN%3Bfileman%2C18.5.600%2CN%3Bform%2C18.0.0%2CN%3Bforum%2C20.0.100%2CN%3Bhighloadblock%2C20.0.100%2CN%3Biblock%2C20.0.350%2CN%3Blanding%2C20.0.400%2CN%3Bmessageservice%2C20.0.0%2CN%3Bmobileapp%2C19.0.200%2CN%3Bperfmon%2C20.0.0%2CN%3Bphotogallery%2C20.0.0%2CN%3Brest%2C20.0.100%2CN%3Bscale%2C17.5.0%2CN%3Bsearch%2C18.5.200%2CN%3Bsecurity%2C19.0.0%2CN%3Bseo%2C20.0.0%2CN%3Bsocialservices%2C19.0.200%2CN%3Bsubscribe%2C20.0.0%2CN%3Btranslate%2C19.0.100%2CN%3Bui%2C20.0.100%2CN%3Bvote%2C20.0.100%2CN&reqm=bitrix.sitecorporate%2Cbitrix.siteinfoportal%2Cbitrix.sitepersonal&fullmoduleinfo=Y&SUPD_SRS=RU&SUPD_CMP=N
2020-02-15 04:59:58 -  - exec CUpdateClientPartner::GetHTTPPage
2020-02-15 04:59:59 -  - TIME GetUpdatesList(request) 0.264 sec
2020-02-15 04:59:59 -  - exec CUpdateClientPartner::ParseServerData
2020-02-15 04:59:59 -  - exec CUpdateClientPartner::__CollectRequestData
2020-02-15 04:59:59 -  - exec CUpdateClientPartner::GetHTTPPage
2020-02-15 04:59:59 -  - exec CUpdateClientPartner::ParseServerData
